<?xml version="1.0" encoding="UTF-8" ?>
<testsuites>
  <testsuite errors="0" failures="0" hostname="C02LH0CTF1G3" id="0" name="TestCampaigns1" package="test.java.com.marin.qa.selenium.campaigns" skipped="0" tests="4" time="0.293" timestamp="2014-08-11T23:23:00">
      <properties>
[...]
</properties>

      <testcase classname="test.java.com.marin.qa.selenium.campaigns.TestCampaigns1" name="E1testSingleCreateGoogleShoppingCampaignUS" time="0.0040" />

      <testcase classname="test.java.com.marin.qa.selenium.campaigns.TestCampaigns1" name="E2testSingleCreateGoogleShoppingCampaignNonUS" time="0.0020" />

      <testcase classname="test.java.com.marin.qa.selenium.campaigns.TestCampaigns1" name="E3testSingleCreateGoogleShoppingCampaignNonUS" time="0.0030" />

      <testcase classname="test.java.com.marin.qa.selenium.campaigns.TestCampaigns1" name="E4testSingleCreateGoogleShoppingCampaignNonUS" time="0.0040" />

      <system-out><![CDATA[16:23:00,655 INFO [Thread-1] (TestCampaigns1:21 :testSetUp) -> <--------- Start Setup Test --------->
    16:23:00,659 INFO [Thread-1] (TestCampaigns1:24 :testSetUp) -> <--------- End Setup Test --------->
    16:23:00,685 INFO [Thread-1] (TestCampaigns1:40 :E1testSingleCreateGoogleShoppingCampaignUS) -> E1
    16:23:00,689 INFO [Thread-1] (TestCampaigns1:45 :E2testSingleCreateGoogleShoppingCampaignNonUS) -> E2
    16:23:00,691 INFO [Thread-1] (TestCampaigns1:50 :E3testSingleCreateGoogleShoppingCampaignNonUS) -> E3
    16:23:00,694 INFO [Thread-1] (TestCampaigns1:55 :E4testSingleCreateGoogleShoppingCampaignNonUS) -> E4
    16:23:00,697 INFO [Thread-1] (TestCampaigns1:29 :cleanup) -> <--------- Start Logout Test --------->
    16:23:00,698 INFO [Thread-1] (TestCampaigns1:35 :cleanup) -> <--------- End Logout Test --------->
    ]]></system-out>

      <system-err><![CDATA[]]></system-err>

  </testsuite>
  <testsuite errors="4" failures="0" hostname="C02LH0CTF1G3" id="1" name="TestCampaigns1" package="test.java.com.marin.qa.selenium.campaigns" skipped="0" tests="4" time="0.233" timestamp="2014-08-11T23:25:26">
      <properties>
[...]
</properties>

      <testcase classname="test.java.com.marin.qa.selenium.campaigns.TestCampaigns1" name="E1testSingleCreateGoogleShoppingCampaignUS" time="0.0060">
          <error message="main/java/com/marin/qa/selenium/resources/QaRandom" type="java.lang.NoClassDefFoundError">java.lang.NoClassDefFoundError: main/java/com/marin/qa/selenium/resources/QaRandom
	at test.java.com.marin.qa.selenium.campaigns.TestCampaigns1.&lt;init&gt;(TestCampaigns1.java:16)
	at java.lang.reflect.Constructor.newInstance(Constructor.java:513)
	at org.eclipse.ant.internal.launching.remote.EclipseSingleCheckExecutor.executeTargets(EclipseSingleCheckExecutor.java:34)
	at org.eclipse.ant.internal.launching.remote.EclipseDefaultExecutor.executeTargets(EclipseDefaultExecutor.java:36)
	at org.eclipse.ant.internal.launching.remote.InternalAntRunner.run(InternalAntRunner.java:452)
	at org.eclipse.ant.internal.launching.remote.InternalAntRunner.main(InternalAntRunner.java:139)
Caused by: java.lang.ClassNotFoundException: main.java.com.marin.qa.selenium.resources.QaRandom
	at java.lang.ClassLoader.loadClass(ClassLoader.java:247)
</error>

      </testcase>

      <testcase classname="test.java.com.marin.qa.selenium.campaigns.TestCampaigns1" name="E2testSingleCreateGoogleShoppingCampaignNonUS" time="0.0010">
          <error message="main/java/com/marin/qa/selenium/resources/QaRandom" type="java.lang.NoClassDefFoundError">java.lang.NoClassDefFoundError: main/java/com/marin/qa/selenium/resources/QaRandom
	at test.java.com.marin.qa.selenium.campaigns.TestCampaigns1.&lt;init&gt;(TestCampaigns1.java:16)
	at java.lang.reflect.Constructor.newInstance(Constructor.java:513)
	at org.eclipse.ant.internal.launching.remote.EclipseSingleCheckExecutor.executeTargets(EclipseSingleCheckExecutor.java:34)
	at org.eclipse.ant.internal.launching.remote.EclipseDefaultExecutor.executeTargets(EclipseDefaultExecutor.java:36)
	at org.eclipse.ant.internal.launching.remote.InternalAntRunner.run(InternalAntRunner.java:452)
	at org.eclipse.ant.internal.launching.remote.InternalAntRunner.main(InternalAntRunner.java:139)
</error>

      </testcase>

      <testcase classname="test.java.com.marin.qa.selenium.campaigns.TestCampaigns1" name="E3testSingleCreateGoogleShoppingCampaignNonUS" time="0.0010">
          <error message="main/java/com/marin/qa/selenium/resources/QaRandom" type="java.lang.NoClassDefFoundError">java.lang.NoClassDefFoundError: main/java/com/marin/qa/selenium/resources/QaRandom
	at test.java.com.marin.qa.selenium.campaigns.TestCampaigns1.&lt;init&gt;(TestCampaigns1.java:16)
	at java.lang.reflect.Constructor.newInstance(Constructor.java:513)
	at org.eclipse.ant.internal.launching.remote.EclipseSingleCheckExecutor.executeTargets(EclipseSingleCheckExecutor.java:34)
	at org.eclipse.ant.internal.launching.remote.EclipseDefaultExecutor.executeTargets(EclipseDefaultExecutor.java:36)
	at org.eclipse.ant.internal.launching.remote.InternalAntRunner.run(InternalAntRunner.java:452)
	at org.eclipse.ant.internal.launching.remote.InternalAntRunner.main(InternalAntRunner.java:139)
</error>

      </testcase>

      <testcase classname="test.java.com.marin.qa.selenium.campaigns.TestCampaigns1" name="E4testSingleCreateGoogleShoppingCampaignNonUS" time="0.0010">
          <error message="main/java/com/marin/qa/selenium/resources/QaRandom" type="java.lang.NoClassDefFoundError">java.lang.NoClassDefFoundError: main/java/com/marin/qa/selenium/resources/QaRandom
	at test.java.com.marin.qa.selenium.campaigns.TestCampaigns1.&lt;init&gt;(TestCampaigns1.java:16)
	at java.lang.reflect.Constructor.newInstance(Constructor.java:513)
	at org.eclipse.ant.internal.launching.remote.EclipseSingleCheckExecutor.executeTargets(EclipseSingleCheckExecutor.java:34)
	at org.eclipse.ant.internal.launching.remote.EclipseDefaultExecutor.executeTargets(EclipseDefaultExecutor.java:36)
	at org.eclipse.ant.internal.launching.remote.InternalAntRunner.run(InternalAntRunner.java:452)
	at org.eclipse.ant.internal.launching.remote.InternalAntRunner.main(InternalAntRunner.java:139)
</error>

      </testcase>

      <system-out><![CDATA[16:25:26,531 INFO [Thread-1] (TestCampaigns1:21 :testSetUp) -> <--------- Start Setup Test --------->
    16:25:26,534 INFO [Thread-1] (TestCampaigns1:24 :testSetUp) -> <--------- End Setup Test --------->
    16:25:26,583 INFO [Thread-1] (TestCampaigns1:29 :cleanup) -> <--------- Start Logout Test --------->
    16:25:26,584 INFO [Thread-1] (TestCampaigns1:35 :cleanup) -> <--------- End Logout Test --------->
    ]]></system-out>

      <system-err><![CDATA[]]></system-err>

  </testsuite>
  <testsuite errors="0" failures="0" hostname="C02LH0CTF1G3" id="2" name="TestCampaigns1" package="test.java.com.marin.qa.selenium.campaigns" skipped="0" tests="4" time="0.192" timestamp="2014-08-11T23:26:34">
      <properties>
[...]
</properties>

      <testcase classname="test.java.com.marin.qa.selenium.campaigns.TestCampaigns1" name="E1testSingleCreateGoogleShoppingCampaignUS" time="0.0040" />

      <testcase classname="test.java.com.marin.qa.selenium.campaigns.TestCampaigns1" name="E2testSingleCreateGoogleShoppingCampaignNonUS" time="0.0020" />

      <testcase classname="test.java.com.marin.qa.selenium.campaigns.TestCampaigns1" name="E3testSingleCreateGoogleShoppingCampaignNonUS" time="0.0020" />

      <testcase classname="test.java.com.marin.qa.selenium.campaigns.TestCampaigns1" name="E4testSingleCreateGoogleShoppingCampaignNonUS" time="0.0020" />

      <system-out><![CDATA[16:26:34,281 INFO [Thread-1] (TestCampaigns1:21 :testSetUp) -> <--------- Start Setup Test --------->
    16:26:34,284 INFO [Thread-1] (TestCampaigns1:24 :testSetUp) -> <--------- End Setup Test --------->
    16:26:34,295 INFO [Thread-1] (TestCampaigns1:40 :E1testSingleCreateGoogleShoppingCampaignUS) -> E1
    16:26:34,298 INFO [Thread-1] (TestCampaigns1:45 :E2testSingleCreateGoogleShoppingCampaignNonUS) -> E2
    16:26:34,300 INFO [Thread-1] (TestCampaigns1:50 :E3testSingleCreateGoogleShoppingCampaignNonUS) -> E3
    16:26:34,301 INFO [Thread-1] (TestCampaigns1:55 :E4testSingleCreateGoogleShoppingCampaignNonUS) -> E4
    16:26:34,304 INFO [Thread-1] (TestCampaigns1:29 :cleanup) -> <--------- Start Logout Test --------->
    16:26:34,304 INFO [Thread-1] (TestCampaigns1:35 :cleanup) -> <--------- End Logout Test --------->
    ]]></system-out>

      <system-err><![CDATA[]]></system-err>

  </testsuite>
</testsuites>
